<?xml version="1.0" encoding="UTF-8"?>
<!-- Generated by org.testng.reporters.JUnitXMLReporter -->
<testsuite ignored="11" hostname="DESKTOP-J1HV9Q6" failures="0" tests="6" name="Smoke" time="44.687" errors="0" timestamp="2022-08-12T13:41:24 EDT">
  <testcase classname="com.bookdemo.testcases.HomeStaysPageTest" name="test001_ValidateIsStaysBtnSelected" time="0.054"/>
  <testcase classname="com.bookdemo.testcases.HomeStaysPageTest" name="test002_verifySignInButton" time="1.684"/>
  <testcase classname="com.bookdemo.testcases.LoginPageTest" name="test001_VerifyEmailInput" time="0.044"/>
  <testcase classname="com.bookdemo.testcases.LoginPageTest" name="test002_VerifySubmitEmailButton" time="0.039"/>
  <testcase classname="com.bookdemo.testcases.FlightsPageTest" name="test001_VerifyTripOprionsRadioGroup" time="3.116"/>
  <testcase classname="com.bookdemo.testcases.FlightsPageTest" name="test002_VerifyRoundTripIsSelected" time="0.03"/>
  <testcase classname="com.bookdemo.testcases.PropertyPageTest" name="test001_VerifyingPageContent" time="0.0">
    <ignored/>
  </testcase> <!-- test001_VerifyingPageContent -->
  <testcase classname="com.bookdemo.testcases.HomeStaysPageTest" name="test004_VerifyDestinationSuggestion" time="0.0">
    <ignored/>
  </testcase> <!-- test004_VerifyDestinationSuggestion -->
  <testcase classname="com.bookdemo.base.BaseClass" name="@AfterSuite afterSuite" time="0.0">
    <ignored/>
  </testcase> <!-- @AfterSuite afterSuite -->
  <testcase classname="com.bookdemo.testcases.HomeStaysPageTest" name="test005_VerifyDates" time="0.0">
    <ignored/>
  </testcase> <!-- test005_VerifyDates -->
  <testcase classname="com.bookdemo.base.BaseClass" name="@BeforeSuite loadConfig" time="0.0">
    <ignored/>
  </testcase> <!-- @BeforeSuite loadConfig -->
  <testcase classname="com.bookdemo.base.BaseClass" name="@BeforeSuite loadConfig" time="0.0">
    <ignored/>
  </testcase> <!-- @BeforeSuite loadConfig -->
  <testcase classname="com.bookdemo.base.BaseClass" name="@BeforeSuite loadConfig" time="0.0">
    <ignored/>
  </testcase> <!-- @BeforeSuite loadConfig -->
  <testcase classname="com.bookdemo.testcases.HomeStaysPageTest" name="test006_VerifyChildrenAgeBox" time="0.0">
    <ignored/>
  </testcase> <!-- test006_VerifyChildrenAgeBox -->
  <testcase classname="com.bookdemo.base.BaseClass" name="@AfterSuite afterSuite" time="0.0">
    <ignored/>
  </testcase> <!-- @AfterSuite afterSuite -->
  <testcase classname="com.bookdemo.testcases.HomeStaysPageTest" name="test003_verifySelectedDestinstion" time="0.0">
    <ignored/>
  </testcase> <!-- test003_verifySelectedDestinstion -->
  <testcase classname="com.bookdemo.base.BaseClass" name="@AfterSuite afterSuite" time="0.0">
    <ignored/>
  </testcase> <!-- @AfterSuite afterSuite -->
</testsuite> <!-- Smoke -->
