<?xml version="1.0" encoding="UTF-8"?>
<testng-results ignored="11" total="17" passed="6" failed="0" skipped="0">
  <reporter-output>
  </reporter-output>
  <suite started-at="2022-08-12T13:40:40 EDT" name="All Test Suite" finished-at="2022-08-12T13:41:24 EDT" duration-ms="44687">
    <groups>
      <group name="Regression">
        <method signature="FlightsPageTest.test001_VerifyTripOprionsRadioGroup()[pri:0, instance:com.bookdemo.testcases.FlightsPageTest@2b6faea6]" name="test001_VerifyTripOprionsRadioGroup" class="com.bookdemo.testcases.FlightsPageTest"/>
      </group> <!-- Regression -->
      <group name="Smoke">
        <method signature="FlightsPageTest.test001_VerifyTripOprionsRadioGroup()[pri:0, instance:com.bookdemo.testcases.FlightsPageTest@2b6faea6]" name="test001_VerifyTripOprionsRadioGroup" class="com.bookdemo.testcases.FlightsPageTest"/>
        <method signature="FlightsPageTest.test002_VerifyRoundTripIsSelected()[pri:0, instance:com.bookdemo.testcases.FlightsPageTest@2b6faea6]" name="test002_VerifyRoundTripIsSelected" class="com.bookdemo.testcases.FlightsPageTest"/>
        <method signature="HomeStaysPageTest.test001_ValidateIsStaysBtnSelected()[pri:0, instance:com.bookdemo.testcases.HomeStaysPageTest@1677d1]" name="test001_ValidateIsStaysBtnSelected" class="com.bookdemo.testcases.HomeStaysPageTest"/>
        <method signature="HomeStaysPageTest.test002_verifySignInButton()[pri:0, instance:com.bookdemo.testcases.HomeStaysPageTest@1677d1]" name="test002_verifySignInButton" class="com.bookdemo.testcases.HomeStaysPageTest"/>
        <method signature="LoginPageTest.test001_VerifyEmailInput()[pri:0, instance:com.bookdemo.testcases.LoginPageTest@1e802ef9]" name="test001_VerifyEmailInput" class="com.bookdemo.testcases.LoginPageTest"/>
        <method signature="LoginPageTest.test002_VerifySubmitEmailButton()[pri:0, instance:com.bookdemo.testcases.LoginPageTest@1e802ef9]" name="test002_VerifySubmitEmailButton" class="com.bookdemo.testcases.LoginPageTest"/>
      </group> <!-- Smoke -->
    </groups>
    <test started-at="2022-08-12T13:40:40 EDT" name="Smoke" finished-at="2022-08-12T13:41:24 EDT" duration-ms="44687">
      <class name="com.bookdemo.testcases.LoginPageTest">
        <test-method is-config="true" signature="setup()[pri:0, instance:com.bookdemo.testcases.LoginPageTest@1e802ef9]" started-at="2022-08-12T13:40:53 EDT" name="setup" finished-at="2022-08-12T13:40:59 EDT" duration-ms="5948" status="PASS">
          <reporter-output>
          </reporter-output>
        </test-method> <!-- setup -->
        <test-method signature="test001_VerifyEmailInput()[pri:0, instance:com.bookdemo.testcases.LoginPageTest@1e802ef9]" started-at="2022-08-12T13:40:59 EDT" name="test001_VerifyEmailInput" finished-at="2022-08-12T13:40:59 EDT" duration-ms="44" status="PASS">
          <reporter-output>
          </reporter-output>
        </test-method> <!-- test001_VerifyEmailInput -->
        <test-method is-config="true" signature="tearDown()[pri:0, instance:com.bookdemo.testcases.LoginPageTest@1e802ef9]" started-at="2022-08-12T13:40:59 EDT" name="tearDown" finished-at="2022-08-12T13:41:00 EDT" duration-ms="337" status="PASS">
          <reporter-output>
          </reporter-output>
        </test-method> <!-- tearDown -->
        <test-method is-config="true" signature="setup()[pri:0, instance:com.bookdemo.testcases.LoginPageTest@1e802ef9]" started-at="2022-08-12T13:41:00 EDT" name="setup" finished-at="2022-08-12T13:41:06 EDT" duration-ms="6371" status="PASS">
          <reporter-output>
          </reporter-output>
        </test-method> <!-- setup -->
        <test-method signature="test002_VerifySubmitEmailButton()[pri:0, instance:com.bookdemo.testcases.LoginPageTest@1e802ef9]" started-at="2022-08-12T13:41:06 EDT" name="test002_VerifySubmitEmailButton" finished-at="2022-08-12T13:41:06 EDT" duration-ms="39" status="PASS">
          <reporter-output>
          </reporter-output>
        </test-method> <!-- test002_VerifySubmitEmailButton -->
        <test-method is-config="true" signature="tearDown()[pri:0, instance:com.bookdemo.testcases.LoginPageTest@1e802ef9]" started-at="2022-08-12T13:41:06 EDT" name="tearDown" finished-at="2022-08-12T13:41:06 EDT" duration-ms="315" status="PASS">
          <reporter-output>
          </reporter-output>
        </test-method> <!-- tearDown -->
      </class> <!-- com.bookdemo.testcases.LoginPageTest -->
      <class name="com.bookdemo.testcases.FlightsPageTest">
        <test-method is-config="true" signature="setup()[pri:0, instance:com.bookdemo.testcases.FlightsPageTest@2b6faea6]" started-at="2022-08-12T13:41:06 EDT" name="setup" finished-at="2022-08-12T13:41:14 EDT" duration-ms="7893" status="PASS">
          <reporter-output>
          </reporter-output>
        </test-method> <!-- setup -->
        <test-method signature="test001_VerifyTripOprionsRadioGroup()[pri:0, instance:com.bookdemo.testcases.FlightsPageTest@2b6faea6]" started-at="2022-08-12T13:41:14 EDT" name="test001_VerifyTripOprionsRadioGroup" finished-at="2022-08-12T13:41:17 EDT" duration-ms="3116" status="PASS">
          <reporter-output>
          </reporter-output>
        </test-method> <!-- test001_VerifyTripOprionsRadioGroup -->
        <test-method is-config="true" signature="tearDown()[pri:0, instance:com.bookdemo.testcases.FlightsPageTest@2b6faea6]" started-at="2022-08-12T13:41:17 EDT" name="tearDown" finished-at="2022-08-12T13:41:18 EDT" duration-ms="250" status="PASS">
          <reporter-output>
          </reporter-output>
        </test-method> <!-- tearDown -->
        <test-method is-config="true" signature="setup()[pri:0, instance:com.bookdemo.testcases.FlightsPageTest@2b6faea6]" started-at="2022-08-12T13:41:18 EDT" name="setup" finished-at="2022-08-12T13:41:24 EDT" duration-ms="6452" status="PASS">
          <reporter-output>
          </reporter-output>
        </test-method> <!-- setup -->
        <test-method signature="test002_VerifyRoundTripIsSelected()[pri:0, instance:com.bookdemo.testcases.FlightsPageTest@2b6faea6]" started-at="2022-08-12T13:41:24 EDT" name="test002_VerifyRoundTripIsSelected" finished-at="2022-08-12T13:41:24 EDT" duration-ms="30" status="PASS">
          <reporter-output>
          </reporter-output>
        </test-method> <!-- test002_VerifyRoundTripIsSelected -->
        <test-method is-config="true" signature="tearDown()[pri:0, instance:com.bookdemo.testcases.FlightsPageTest@2b6faea6]" started-at="2022-08-12T13:41:24 EDT" name="tearDown" finished-at="2022-08-12T13:41:24 EDT" duration-ms="307" status="PASS">
          <reporter-output>
          </reporter-output>
        </test-method> <!-- tearDown -->
      </class> <!-- com.bookdemo.testcases.FlightsPageTest -->
      <class name="com.bookdemo.testcases.HomeStaysPageTest">
        <test-method is-config="true" signature="loadConfig()[pri:0, instance:com.bookdemo.testcases.HomeStaysPageTest@1677d1]" started-at="2022-08-12T13:40:40 EDT" name="loadConfig" finished-at="2022-08-12T13:40:40 EDT" duration-ms="288" status="PASS">
          <reporter-output>
          </reporter-output>
        </test-method> <!-- loadConfig -->
        <test-method is-config="true" signature="setup()[pri:0, instance:com.bookdemo.testcases.HomeStaysPageTest@1677d1]" started-at="2022-08-12T13:40:40 EDT" name="setup" finished-at="2022-08-12T13:40:48 EDT" duration-ms="7703" status="PASS">
          <reporter-output>
          </reporter-output>
        </test-method> <!-- setup -->
        <test-method signature="test001_ValidateIsStaysBtnSelected()[pri:0, instance:com.bookdemo.testcases.HomeStaysPageTest@1677d1]" started-at="2022-08-12T13:40:48 EDT" name="test001_ValidateIsStaysBtnSelected" finished-at="2022-08-12T13:40:48 EDT" duration-ms="54" status="PASS">
          <reporter-output>
          </reporter-output>
        </test-method> <!-- test001_ValidateIsStaysBtnSelected -->
        <test-method is-config="true" signature="tearDown()[pri:0, instance:com.bookdemo.testcases.HomeStaysPageTest@1677d1]" started-at="2022-08-12T13:40:48 EDT" name="tearDown" finished-at="2022-08-12T13:40:48 EDT" duration-ms="291" status="PASS">
          <reporter-output>
          </reporter-output>
        </test-method> <!-- tearDown -->
        <test-method is-config="true" signature="setup()[pri:0, instance:com.bookdemo.testcases.HomeStaysPageTest@1677d1]" started-at="2022-08-12T13:40:48 EDT" name="setup" finished-at="2022-08-12T13:40:51 EDT" duration-ms="3499" status="PASS">
          <reporter-output>
          </reporter-output>
        </test-method> <!-- setup -->
        <test-method signature="test002_verifySignInButton()[pri:0, instance:com.bookdemo.testcases.HomeStaysPageTest@1677d1]" started-at="2022-08-12T13:40:51 EDT" name="test002_verifySignInButton" finished-at="2022-08-12T13:40:53 EDT" duration-ms="1684" status="PASS">
          <reporter-output>
          </reporter-output>
        </test-method> <!-- test002_verifySignInButton -->
        <test-method is-config="true" signature="tearDown()[pri:0, instance:com.bookdemo.testcases.HomeStaysPageTest@1677d1]" started-at="2022-08-12T13:40:53 EDT" name="tearDown" finished-at="2022-08-12T13:40:53 EDT" duration-ms="303" status="PASS">
          <reporter-output>
          </reporter-output>
        </test-method> <!-- tearDown -->
        <test-method is-config="true" signature="afterSuite()[pri:0, instance:com.bookdemo.testcases.HomeStaysPageTest@1677d1]" started-at="2022-08-12T13:41:25 EDT" name="afterSuite" finished-at="2022-08-12T13:41:25 EDT" duration-ms="453" status="PASS">
          <reporter-output>
          </reporter-output>
        </test-method> <!-- afterSuite -->
      </class> <!-- com.bookdemo.testcases.HomeStaysPageTest -->
    </test> <!-- Smoke -->
  </suite> <!-- All Test Suite -->
</testng-results>
